

Started GET "/" for 127.0.0.1 at 2018-10-22 18:21:45 -0300
Processing by Rails::WelcomeController#index as HTML
  Rendered vendor/bundle/gems/railties-4.2.6/lib/rails/templates/rails/welcome/index.html.erb (1.7ms)
Completed 200 OK in 16ms (Views: 8.2ms | ActiveRecord: 0.0ms)


Started GET "/rails/info/properties" for 127.0.0.1 at 2018-10-22 18:22:10 -0300
Processing by Rails::InfoController#properties as */*
  Rendered vendor/bundle/gems/railties-4.2.6/lib/rails/templates/rails/info/properties.html.erb (0.3ms)
Completed 200 OK in 40ms (Views: 8.6ms | ActiveRecord: 1.0ms)


Started GET "/" for 127.0.0.1 at 2018-10-23 08:32:05 -0300
Processing by Rails::WelcomeController#index as HTML
  Rendered vendor/bundle/gems/railties-4.2.6/lib/rails/templates/rails/welcome/index.html.erb (8.5ms)
Completed 200 OK in 104ms (Views: 59.1ms | ActiveRecord: 0.0ms)


Started GET "/rails/info/properties" for 127.0.0.1 at 2018-10-23 08:32:14 -0300
Processing by Rails::InfoController#properties as */*
  Rendered vendor/bundle/gems/railties-4.2.6/lib/rails/templates/rails/info/properties.html.erb (0.5ms)
Completed 200 OK in 331ms (Views: 47.6ms | ActiveRecord: 3.1ms)


Started GET "/pages/home" for 127.0.0.1 at 2018-10-23 08:33:29 -0300

ActionController::RoutingError (No route matches [GET] "/pages/home"):
  vendor/bundle/gems/actionpack-4.2.6/lib/action_dispatch/middleware/debug_exceptions.rb:21:in `call'
  vendor/bundle/gems/web-console-2.3.0/lib/web_console/middleware.rb:28:in `block in call'
  vendor/bundle/gems/web-console-2.3.0/lib/web_console/middleware.rb:18:in `catch'
  vendor/bundle/gems/web-console-2.3.0/lib/web_console/middleware.rb:18:in `call'
  vendor/bundle/gems/actionpack-4.2.6/lib/action_dispatch/middleware/show_exceptions.rb:30:in `call'
  vendor/bundle/gems/railties-4.2.6/lib/rails/rack/logger.rb:38:in `call_app'
  vendor/bundle/gems/railties-4.2.6/lib/rails/rack/logger.rb:20:in `block in call'
  vendor/bundle/gems/activesupport-4.2.6/lib/active_support/tagged_logging.rb:68:in `block in tagged'
  vendor/bundle/gems/activesupport-4.2.6/lib/active_support/tagged_logging.rb:26:in `tagged'
  vendor/bundle/gems/activesupport-4.2.6/lib/active_support/tagged_logging.rb:68:in `tagged'
  vendor/bundle/gems/railties-4.2.6/lib/rails/rack/logger.rb:20:in `call'
  vendor/bundle/gems/actionpack-4.2.6/lib/action_dispatch/middleware/request_id.rb:21:in `call'
  vendor/bundle/gems/rack-1.6.10/lib/rack/methodoverride.rb:22:in `call'
  vendor/bundle/gems/rack-1.6.10/lib/rack/runtime.rb:18:in `call'
  vendor/bundle/gems/activesupport-4.2.6/lib/active_support/cache/strategy/local_cache_middleware.rb:28:in `call'
  vendor/bundle/gems/rack-1.6.10/lib/rack/lock.rb:17:in `call'
  vendor/bundle/gems/actionpack-4.2.6/lib/action_dispatch/middleware/static.rb:120:in `call'
  vendor/bundle/gems/rack-1.6.10/lib/rack/sendfile.rb:113:in `call'
  vendor/bundle/gems/railties-4.2.6/lib/rails/engine.rb:518:in `call'
  vendor/bundle/gems/railties-4.2.6/lib/rails/application.rb:165:in `call'
  vendor/bundle/gems/rack-1.6.10/lib/rack/lock.rb:17:in `call'
  vendor/bundle/gems/rack-1.6.10/lib/rack/content_length.rb:15:in `call'
  vendor/bundle/gems/rack-1.6.10/lib/rack/handler/webrick.rb:88:in `service'
  /usr/lib/ruby/2.3.0/webrick/httpserver.rb:140:in `service'
  /usr/lib/ruby/2.3.0/webrick/httpserver.rb:96:in `run'
  /usr/lib/ruby/2.3.0/webrick/server.rb:296:in `block in start_thread'


  Rendered vendor/bundle/gems/actionpack-4.2.6/lib/action_dispatch/middleware/templates/rescues/_trace.html.erb (2.1ms)
  Rendered vendor/bundle/gems/actionpack-4.2.6/lib/action_dispatch/middleware/templates/routes/_table.html.erb (98.8ms)
  Rendered vendor/bundle/gems/actionpack-4.2.6/lib/action_dispatch/middleware/templates/rescues/_request_and_response.html.erb (1.8ms)
  Rendered vendor/bundle/gems/actionpack-4.2.6/lib/action_dispatch/middleware/templates/rescues/routing_error.html.erb within rescues/layout (277.0ms)
  Rendered vendor/bundle/gems/web-console-2.3.0/lib/web_console/templates/_markup.html.erb (1.0ms)
  Rendered vendor/bundle/gems/web-console-2.3.0/lib/web_console/templates/_inner_console_markup.html.erb within layouts/inlined_string (0.5ms)
  Rendered vendor/bundle/gems/web-console-2.3.0/lib/web_console/templates/_prompt_box_markup.html.erb within layouts/inlined_string (0.3ms)
  Rendered vendor/bundle/gems/web-console-2.3.0/lib/web_console/templates/style.css.erb within layouts/inlined_string (0.3ms)
  Rendered vendor/bundle/gems/web-console-2.3.0/lib/web_console/templates/console.js.erb within layouts/javascript (62.8ms)
  Rendered vendor/bundle/gems/web-console-2.3.0/lib/web_console/templates/main.js.erb within layouts/javascript (0.3ms)
  Rendered vendor/bundle/gems/web-console-2.3.0/lib/web_console/templates/error_page.js.erb within layouts/javascript (0.4ms)
  Rendered vendor/bundle/gems/web-console-2.3.0/lib/web_console/templates/index.html.erb (102.7ms)


Started GET "/pages/home" for 127.0.0.1 at 2018-10-23 08:34:29 -0300

ActionController::RoutingError (uninitialized constant PagesController):
  vendor/bundle/gems/activesupport-4.2.6/lib/active_support/inflector/methods.rb:261:in `const_get'
  vendor/bundle/gems/activesupport-4.2.6/lib/active_support/inflector/methods.rb:261:in `block in constantize'
  vendor/bundle/gems/activesupport-4.2.6/lib/active_support/inflector/methods.rb:259:in `each'
  vendor/bundle/gems/activesupport-4.2.6/lib/active_support/inflector/methods.rb:259:in `inject'
  vendor/bundle/gems/activesupport-4.2.6/lib/active_support/inflector/methods.rb:259:in `constantize'
  vendor/bundle/gems/actionpack-4.2.6/lib/action_dispatch/routing/route_set.rb:70:in `controller_reference'
  vendor/bundle/gems/actionpack-4.2.6/lib/action_dispatch/routing/route_set.rb:60:in `controller'
  vendor/bundle/gems/actionpack-4.2.6/lib/action_dispatch/routing/route_set.rb:39:in `serve'
  vendor/bundle/gems/actionpack-4.2.6/lib/action_dispatch/journey/router.rb:43:in `block in serve'
  vendor/bundle/gems/actionpack-4.2.6/lib/action_dispatch/journey/router.rb:30:in `each'
  vendor/bundle/gems/actionpack-4.2.6/lib/action_dispatch/journey/router.rb:30:in `serve'
  vendor/bundle/gems/actionpack-4.2.6/lib/action_dispatch/routing/route_set.rb:817:in `call'
  vendor/bundle/gems/rack-1.6.10/lib/rack/etag.rb:24:in `call'
  vendor/bundle/gems/rack-1.6.10/lib/rack/conditionalget.rb:25:in `call'
  vendor/bundle/gems/rack-1.6.10/lib/rack/head.rb:13:in `call'
  vendor/bundle/gems/actionpack-4.2.6/lib/action_dispatch/middleware/params_parser.rb:27:in `call'
  vendor/bundle/gems/actionpack-4.2.6/lib/action_dispatch/middleware/flash.rb:260:in `call'
  vendor/bundle/gems/rack-1.6.10/lib/rack/session/abstract/id.rb:225:in `context'
  vendor/bundle/gems/rack-1.6.10/lib/rack/session/abstract/id.rb:220:in `call'
  vendor/bundle/gems/actionpack-4.2.6/lib/action_dispatch/middleware/cookies.rb:560:in `call'
  vendor/bundle/gems/activerecord-4.2.6/lib/active_record/query_cache.rb:36:in `call'
  vendor/bundle/gems/activerecord-4.2.6/lib/active_record/connection_adapters/abstract/connection_pool.rb:653:in `call'
  vendor/bundle/gems/activerecord-4.2.6/lib/active_record/migration.rb:377:in `call'
  vendor/bundle/gems/actionpack-4.2.6/lib/action_dispatch/middleware/callbacks.rb:29:in `block in call'
  vendor/bundle/gems/activesupport-4.2.6/lib/active_support/callbacks.rb:88:in `__run_callbacks__'
  vendor/bundle/gems/activesupport-4.2.6/lib/active_support/callbacks.rb:778:in `_run_call_callbacks'
  vendor/bundle/gems/activesupport-4.2.6/lib/active_support/callbacks.rb:81:in `run_callbacks'
  vendor/bundle/gems/actionpack-4.2.6/lib/action_dispatch/middleware/callbacks.rb:27:in `call'
  vendor/bundle/gems/actionpack-4.2.6/lib/action_dispatch/middleware/reloader.rb:73:in `call'
  vendor/bundle/gems/actionpack-4.2.6/lib/action_dispatch/middleware/remote_ip.rb:78:in `call'
  vendor/bundle/gems/actionpack-4.2.6/lib/action_dispatch/middleware/debug_exceptions.rb:17:in `call'
  vendor/bundle/gems/web-console-2.3.0/lib/web_console/middleware.rb:28:in `block in call'
  vendor/bundle/gems/web-console-2.3.0/lib/web_console/middleware.rb:18:in `catch'
  vendor/bundle/gems/web-console-2.3.0/lib/web_console/middleware.rb:18:in `call'
  vendor/bundle/gems/actionpack-4.2.6/lib/action_dispatch/middleware/show_exceptions.rb:30:in `call'
  vendor/bundle/gems/railties-4.2.6/lib/rails/rack/logger.rb:38:in `call_app'
  vendor/bundle/gems/railties-4.2.6/lib/rails/rack/logger.rb:20:in `block in call'
  vendor/bundle/gems/activesupport-4.2.6/lib/active_support/tagged_logging.rb:68:in `block in tagged'
  vendor/bundle/gems/activesupport-4.2.6/lib/active_support/tagged_logging.rb:26:in `tagged'
  vendor/bundle/gems/activesupport-4.2.6/lib/active_support/tagged_logging.rb:68:in `tagged'
  vendor/bundle/gems/railties-4.2.6/lib/rails/rack/logger.rb:20:in `call'
  vendor/bundle/gems/actionpack-4.2.6/lib/action_dispatch/middleware/request_id.rb:21:in `call'
  vendor/bundle/gems/rack-1.6.10/lib/rack/methodoverride.rb:22:in `call'
  vendor/bundle/gems/rack-1.6.10/lib/rack/runtime.rb:18:in `call'
  vendor/bundle/gems/activesupport-4.2.6/lib/active_support/cache/strategy/local_cache_middleware.rb:28:in `call'
  vendor/bundle/gems/rack-1.6.10/lib/rack/lock.rb:17:in `call'
  vendor/bundle/gems/actionpack-4.2.6/lib/action_dispatch/middleware/static.rb:120:in `call'
  vendor/bundle/gems/rack-1.6.10/lib/rack/sendfile.rb:113:in `call'
  vendor/bundle/gems/railties-4.2.6/lib/rails/engine.rb:518:in `call'
  vendor/bundle/gems/railties-4.2.6/lib/rails/application.rb:165:in `call'
  vendor/bundle/gems/rack-1.6.10/lib/rack/lock.rb:17:in `call'
  vendor/bundle/gems/rack-1.6.10/lib/rack/content_length.rb:15:in `call'
  vendor/bundle/gems/rack-1.6.10/lib/rack/handler/webrick.rb:88:in `service'
  /usr/lib/ruby/2.3.0/webrick/httpserver.rb:140:in `service'
  /usr/lib/ruby/2.3.0/webrick/httpserver.rb:96:in `run'
  /usr/lib/ruby/2.3.0/webrick/server.rb:296:in `block in start_thread'


  Rendered vendor/bundle/gems/actionpack-4.2.6/lib/action_dispatch/middleware/templates/rescues/_trace.html.erb (1.4ms)
  Rendered vendor/bundle/gems/actionpack-4.2.6/lib/action_dispatch/middleware/templates/routes/_route.html.erb (2.0ms)
  Rendered vendor/bundle/gems/actionpack-4.2.6/lib/action_dispatch/middleware/templates/routes/_table.html.erb (1.2ms)
  Rendered vendor/bundle/gems/actionpack-4.2.6/lib/action_dispatch/middleware/templates/rescues/_request_and_response.html.erb (1.0ms)
  Rendered vendor/bundle/gems/actionpack-4.2.6/lib/action_dispatch/middleware/templates/rescues/routing_error.html.erb within rescues/layout (39.6ms)
  Rendered vendor/bundle/gems/web-console-2.3.0/lib/web_console/templates/_markup.html.erb (0.3ms)
  Rendered vendor/bundle/gems/web-console-2.3.0/lib/web_console/templates/_inner_console_markup.html.erb within layouts/inlined_string (0.3ms)
  Rendered vendor/bundle/gems/web-console-2.3.0/lib/web_console/templates/_prompt_box_markup.html.erb within layouts/inlined_string (0.2ms)
  Rendered vendor/bundle/gems/web-console-2.3.0/lib/web_console/templates/style.css.erb within layouts/inlined_string (0.3ms)
  Rendered vendor/bundle/gems/web-console-2.3.0/lib/web_console/templates/console.js.erb within layouts/javascript (16.2ms)
  Rendered vendor/bundle/gems/web-console-2.3.0/lib/web_console/templates/main.js.erb within layouts/javascript (0.2ms)
  Rendered vendor/bundle/gems/web-console-2.3.0/lib/web_console/templates/error_page.js.erb within layouts/javascript (0.3ms)
  Rendered vendor/bundle/gems/web-console-2.3.0/lib/web_console/templates/index.html.erb (33.3ms)


Started GET "/pages/home" for 127.0.0.1 at 2018-10-23 08:39:18 -0300
Processing by PagesController#home as HTML
  Rendered pages/home.html.erb within layouts/application (0.6ms)
Completed 200 OK in 374ms (Views: 373.8ms | ActiveRecord: 0.0ms)


Started GET "/pages/home" for 127.0.0.1 at 2018-10-23 08:44:52 -0300
Processing by PagesController#home as HTML
  Rendered pages/home.html.erb within layouts/application (74.4ms)
Completed 200 OK in 134ms (Views: 133.2ms | ActiveRecord: 0.0ms)


Started GET "/assets/the-xx-515573540000d57111abf76132351f0db16c335d5842622b53b26243f0227e5e.png" for 127.0.0.1 at 2018-10-23 08:44:52 -0300


Started GET "/pages/home" for 127.0.0.1 at 2018-10-23 08:46:06 -0300
Processing by PagesController#home as HTML
  Rendered pages/home.html.erb within layouts/application (3.4ms)
Completed 200 OK in 32ms (Views: 30.8ms | ActiveRecord: 0.0ms)


Started GET "/pages/about" for 127.0.0.1 at 2018-10-23 08:46:08 -0300
Processing by PagesController#about as HTML
  Rendered pages/about.html.erb within layouts/application (13.0ms)
Completed 200 OK in 37ms (Views: 36.6ms | ActiveRecord: 0.0ms)


Started GET "/pages/home" for 127.0.0.1 at 2018-10-23 08:46:10 -0300
Processing by PagesController#home as HTML
  Rendered pages/home.html.erb within layouts/application (3.1ms)
Completed 200 OK in 35ms (Views: 33.6ms | ActiveRecord: 0.0ms)


Started GET "/" for 127.0.0.1 at 2018-10-23 08:48:26 -0300
Processing by PagesController#home as HTML
  Rendered pages/home.html.erb within layouts/application (5.7ms)
Completed 200 OK in 46ms (Views: 43.3ms | ActiveRecord: 0.0ms)


Started GET "/" for 127.0.0.1 at 2018-10-23 08:48:28 -0300
Processing by PagesController#home as HTML
  Rendered pages/home.html.erb within layouts/application (2.7ms)
Completed 200 OK in 26ms (Views: 24.0ms | ActiveRecord: 0.0ms)


Started GET "/" for 127.0.0.1 at 2018-10-23 08:49:34 -0300
Processing by PagesController#home as HTML
  Rendered pages/home.html.erb within layouts/application (5.4ms)
Completed 200 OK in 50ms (Views: 48.7ms | ActiveRecord: 0.0ms)


Started GET "/" for 127.0.0.1 at 2018-10-23 08:49:36 -0300
Processing by PagesController#home as HTML
  Rendered pages/home.html.erb within layouts/application (2.6ms)
Completed 200 OK in 60ms (Views: 49.1ms | ActiveRecord: 0.0ms)


Started GET "/about" for 127.0.0.1 at 2018-10-23 08:49:39 -0300
Processing by PagesController#about as HTML
  Rendered pages/about.html.erb within layouts/application (0.7ms)
Completed 200 OK in 18ms (Views: 16.8ms | ActiveRecord: 0.0ms)
